#
# A fatal error has been detected by the Java Runtime Environment:
#
#  EXCEPTION_ACCESS_VIOLATION (0xc0000005) at pc=0x00007ffd110726c4, pid=18972, tid=8480
#
# JRE version: OpenJDK Runtime Environment (24.0.1+9) (build 24.0.1+9-30)
# Java VM: OpenJDK 64-Bit Server VM (24.0.1+9-30, mixed mode, emulated-client, sharing, tiered, compressed oops, compressed class ptrs, g1 gc, windows-amd64)
# Problematic frame:
# C  [libasyncProfiler.dll+0x926c4]
#
# No core dump will be written. Minidumps are not enabled by default on client versions of Windows
#
# JFR recording file will be written. Location: E:\Jagadeeswari\javaPractice\microservice\microservice_accounts\hs_err_pid18972.jfr
#
# If you would like to submit a bug report, please visit:
#   https://bugreport.java.com/bugreport/crash.jsp
# The crash happened outside the Java Virtual Machine in native code.
# See problematic frame for where to report the bug.
#

---------------  S U M M A R Y ------------

Command Line: -XX:TieredStopAtLevel=1 -Dspring.output.ansi.enabled=always -Dcom.sun.management.jmxremote -Dspring.jmx.enabled=true -Dspring.liveBeansView.mbeanDomain -Dspring.application.admin.enabled=true -Dmanagement.endpoints.jmx.exposure.include=* -javaagent:C:\Program Files\JetBrains\IntelliJ IDEA 2025.1.2\lib\idea_rt.jar=55177 -agentpath:C:\Users\sj\AppData\Local\Temp\idea_libasyncProfiler_dll_temp_folder\libasyncProfiler.dll=start,jfr,event=wall,interval=10ms,jfrsync=profile,cstack=no,file=C:\Users\sj\IdeaSnapshots\MicroserviceAccountsApplication_2025_06_05_200906.jfr,dbghelppath=C:\Users\sj\AppData\Local\Temp\idea_dbghelp_dll_temp_folder\dbghelp.dll,log=C:\Users\sj\AppData\Local\Temp\MicroserviceAccountsApplication_2025_06_05_200906.jfr.log.txt,logLevel=DEBUG -Dfile.encoding=UTF-8 -Dsun.stdout.encoding=UTF-8 -Dsun.stderr.encoding=UTF-8 com.microservice_accounts.MicroserviceAccountsApplication

Host: Intel(R) Core(TM) Ultra 5 125H, 18 cores, 31G,  Windows 11 , 64 bit Build 26100 (10.0.26100.3912)
Time: Thu Jun  5 20:09:07 2025 India Standard Time elapsed time: 0.316418 seconds (0d 0h 0m 0s)

---------------  T H R E A D  ---------------

Current thread (0x000001d48ddcb8e0):  JavaThread "main"             [_thread_in_native, id=8480, stack(0x000000026fa00000,0x000000026fb00000) (1024K)]

Stack: [0x000000026fa00000,0x000000026fb00000],  sp=0x000000026fafe990,  free space=1018k
Native frames: (J=compiled Java code, j=interpreted, Vv=VM code, C=native code)
C  [libasyncProfiler.dll+0x926c4]  (no source info available)
C  [libasyncProfiler.dll+0x92b9b]  (no source info available)
C  [libasyncProfiler.dll+0x917f4]  (no source info available)
C  [libasyncProfiler.dll+0x9206a]  (no source info available)
C  [libasyncProfiler.dll+0x8cc21]  (no source info available)
C  [libasyncProfiler.dll+0x7e5e1]  (no source info available)
C  [libasyncProfiler.dll+0x7d2f8]  (no source info available)
C  [libasyncProfiler.dll+0x7d1e0]  (no source info available)
C  [libasyncProfiler.dll+0x832fc]  (no source info available)
V  [jvm.dll+0x5e38de]  (no source info available)
V  [jvm.dll+0x886056]  (no source info available)
V  [jvm.dll+0x495f3e]  (no source info available)
V  [jvm.dll+0x497d11]  (no source info available)
C  [jli.dll+0x52a1]  (no source info available)
C  [ucrtbase.dll+0x37b0]  (no source info available)
C  [KERNEL32.DLL+0x2e8d7]  (no source info available)
C  [ntdll.dll+0x9c5dc]  (no source info available)


siginfo: EXCEPTION_ACCESS_VIOLATION (0xc0000005), reading address 0xffffffffffffffff


Registers:
RAX=0x0000000000000010, RBX=0x0000000000000000, RCX=0xffffffffffffffff, RDX=0x007ffcfc5c300010
RSP=0x000000026fafe990, RBP=0x000001d4ed2e4e68, RSI=0x000000026fafeb00, RDI=0x000001d4ed2e4e68
R8 =0x0000000000000042, R9 =0x000000062a001ed8, R10=0x00007ffcfc839fb0, R11=0x0000000000000002
R12=0x000000026fafeb00, R13=0x000001d48b88d660, R14=0x000001d48ddcbca8, R15=0x000001d48ddcbca8
RIP=0x00007ffd110726c4, EFLAGS=0x0000000000010202

XMM[0]=0x0000000000000000 0x0000000000000000
XMM[1]=0x0000000000000000 0x0000000000000000
XMM[2]=0x0000000000000000 0x0000000000000000
XMM[3]=0x0000000000000000 0x0000000000000000
XMM[4]=0x0000000000000000 0x0000000000000000
XMM[5]=0x0000000000000000 0x0000000000000000
XMM[6]=0x0000000000000000 0x0000000000000000
XMM[7]=0x0000000000000000 0x0000000000000000
XMM[8]=0x0000000000000000 0x0000000000000000
XMM[9]=0x0000000000000000 0x0000000000000000
XMM[10]=0x0000000000000000 0x0000000000000000
XMM[11]=0x0000000000000000 0x0000000000000000
XMM[12]=0x0000000000000000 0x0000000000000000
XMM[13]=0x0000000000000000 0x0000000000000000
XMM[14]=0x0000000000000000 0x0000000000000000
XMM[15]=0x0000000000000000 0x0000000000000000
  MXCSR=0x00001fa0


Register to memory mapping:

RAX=0x0000000000000010 is an unknown value
RBX=0x0 is null
RCX=0xffffffffffffffff is an unknown value
RDX=0x007ffcfc5c300010 is an unknown value
RSP=0x000000026fafe990 is pointing into the stack for thread: 0x000001d48ddcb8e0
RBP=0x000001d4ed2e4e68 points into unknown readable memory: 0x000000062a001ed8 | d8 1e 00 2a 06 00 00 00
RSI=0x000000026fafeb00 is pointing into the stack for thread: 0x000001d48ddcb8e0
RDI=0x000001d4ed2e4e68 points into unknown readable memory: 0x000000062a001ed8 | d8 1e 00 2a 06 00 00 00
R8 =0x0000000000000042 is an unknown value
R9 =0x000000062a001ed8 is an oop: java.lang.Thread 
{0x000000062a001ed8} - klass: 'java/lang/Thread' - flags: 

 - ---- fields (total size 14 words):
 - 'threadLocalRandomProbe' 'I' @12  0 (0x00000000)
 - private volatile 'eetop' 'J' @16  2012424747232 (0x000001d48ddcb8e0)
 - private final 'tid' 'J' @24  3 (0x0000000000000003)
 - 'threadLocalRandomSeed' 'J' @32  0 (0x0000000000000000)
 - injected 'jvmti_thread_state' 'J' @40  2012856532720 (0x000001d4a7993ef0)
 - 'threadLocalRandomSecondarySeed' 'I' @48  0 (0x00000000)
 - injected 'jvmti_VTMS_transition_disable_count' 'I' @52  0 (0x00000000)
 - injected 'jfr_epoch' 'S' @56  0 (0x0000)
 - volatile 'interrupted' 'Z' @58  false (0x00)
 - injected 'jvmti_is_in_VTMS_transition' 'Z' @59  false (0x00)
 - private volatile 'name' 'Ljava/lang/String;' @60  "main"{0x000000062a001f48} (0xc54003e9)
 - private volatile 'contextClassLoader' 'Ljava/lang/ClassLoader;' @64  a 'jdk/internal/loader/ClassLoaders$AppClassLoader'{0x000000062a03c2b8} (0xc5407857)
 - private final 'holder' 'Ljava/lang/Thread$FieldHolder;' @68  a 'java/lang/Thread$FieldHolder'{0x000000062a001f88} (0xc54003f1)
 - 'threadLocals' 'Ljava/lang/ThreadLocal$ThreadLocalMap;' @72  a 'java/lang/ThreadLocal$ThreadLocalMap'{0x0000000629c3a6a0} (0xc53874d4)
 - 'inheritableThreadLocals' 'Ljava/lang/ThreadLocal$ThreadLocalMap;' @76  null (0x00000000)
 - private 'scopedValueBindings' 'Ljava/lang/Object;' @80  a 'java/lang/Class'{0x00000007ffc7c258} = 'java/lang/Thread' (0xfff8f84b)
 - final 'interruptLock' 'Ljava/lang/Object;' @84  a 'java/lang/Object'{0x000000062a001f78} (0xc54003ef)
 - private volatile 'parkBlocker' 'Ljava/lang/Object;' @88  null (0x00000000)
 - private 'nioBlocker' 'Lsun/nio/ch/Interruptible;' @92  null (0x00000000)
 - private 'cont' 'Ljdk/internal/vm/Continuation;' @96  null (0x00000000)
 - private volatile 'uncaughtExceptionHandler' 'Ljava/lang/Thread$UncaughtExceptionHandler;' @100  null (0x00000000)
 - private 'container' 'Ljdk/internal/vm/ThreadContainer;' @104  null (0x00000000)
 - private volatile 'headStackableScopes' 'Ljdk/internal/vm/StackableScope;' @108  null (0x00000000)
R10=0x00007ffcfc839fb0 jvm.dll
R11=0x0000000000000002 is an unknown value
R12=0x000000026fafeb00 is pointing into the stack for thread: 0x000001d48ddcb8e0
R13=0x000001d48b88d660 points into unknown readable memory: 0x00007ffcfc7aa510 | 10 a5 7a fc fc 7f 00 00
R14=0x000001d48ddcbca8 points into unknown readable memory: 0x00007ffcfc7a17b0 | b0 17 7a fc fc 7f 00 00
R15=0x000001d48ddcbca8 points into unknown readable memory: 0x00007ffcfc7a17b0 | b0 17 7a fc fc 7f 00 00

Top of Stack: (sp=0x000000026fafe990)
0x000000026fafe990:   000000026fafeb00 000001d4ed2e4e68   ...o....hN......
0x000000026fafe9a0:   0000000000000000 000001d48ddcc030   ........0.......
0x000000026fafe9b0:   000000000000001a 00007ffd11072b9b   .........+......
0x000000026fafe9c0:   0000000000000000 000001d48ddcbca8   ................
0x000000026fafe9d0:   000000026fafeb01 0000000000000000   ...o............
0x000000026fafe9e0:   000001d4eeb53540 00007ffd110717f4   @5..............
0x000000026fafe9f0:   0000000000000000 000000000000001a   ................
0x000000026fafea00:   0000000000000000 000000000000001a   ................
0x000000026fafea10:   0000000900000003 000001d4eeb2f190   ................
0x000000026fafea20:   000001d4eeb53540 000001d4eeb535a8   @5.......5......
0x000000026fafea30:   000001d4eeb535b0 000001d400004d24   .5......$M......
0x000000026fafea40:   0000000000000000 0000000000000000   ................
0x000000026fafea50:   0000000000000000 00007ffcfc0057d4   .........W......
0x000000026fafea60:   00007ffd111b4ca0 0000000000004a1c   .L.......J......
0x000000026fafea70:   00007ffd111b4ca0 00000000ffffffff   .L..............
0x000000026fafea80:   0000000000000000 00007ffd1107206a   ........j ......
0x000000026fafea90:   000001d48ddcbca8 0000000000000000   ................
0x000000026fafeaa0:   000000026fafeb09 000001d48b88d660   ...o....`.......
0x000000026fafeab0:   000001d4a7cbe040 000001d48b790000   @.........y.....
0x000000026fafeac0:   000001d4a7cbe040 00007ffdcd7d9fc9   @.........}.....
0x000000026fafead0:   000001d48ddcbca8 00007ffd111b4ca0   .........L......
0x000000026fafeae0:   00007ffd1115f0d8 00007ffd1115f0c8   ................
0x000000026fafeaf0:   0000000000000000 000001d48ddcbca8   ................
0x000000026fafeb00:   000001d4eeb650c0 000001d4eeb65400   .P.......T......
0x000000026fafeb10:   000001d4eeb65400 00007ffd111b4ca0   .T.......L......
0x000000026fafeb20:   000001d48ddc7218 000000026fafec98   .r.........o....
0x000000026fafeb30:   000000026fafedd0 0000000000008840   ...o....@.......
0x000000026fafeb40:   00007ffd111a7080 00007ffd111b4cf0   .p.......L......
0x000000026fafeb50:   0000000000989680 0000000000989680   ................
0x000000026fafeb60:   000000026fafec70 00007ffd1106cc21   p..o....!.......
0x000000026fafeb70:   00007ffd111b4ca0 00007ffd111b4cf8   .L.......L......
0x000000026fafeb80:   00007ffd00000000 007d47ed00000001   .............G}.

Instructions: (pc=0x00007ffd110726c4)
  0x00007ffd110725c4:   cc cc cc cc cc cc cc cc cc cc cc cc cc cc cc cc
  0x00007ffd110725d4:   cc cc cc cc cc cc cc cc cc cc cc cc cc cc cc cc
  0x00007ffd110725e4:   cc cc cc cc cc cc cc cc cc cc cc cc cc cc cc cc
  0x00007ffd110725f4:   cc cc cc cc cc cc cc cc cc cc cc cc cc cc cc cc
  0x00007ffd11072604:   cc cc cc cc cc cc cc cc cc cc cc cc cc cc cc cc
  0x00007ffd11072614:   cc cc cc cc cc cc cc cc cc cc cc cc cc cc cc cc
  0x00007ffd11072624:   cc cc cc cc cc cc cc cc cc cc cc cc cc cc cc cc
  0x00007ffd11072634:   cc cc cc cc cc cc cc cc cc cc cc cc cc cc cc cc
  0x00007ffd11072644:   cc cc cc cc cc cc cc cc cc cc cc cc 40 57 48 83
  0x00007ffd11072654:   ec 20 48 8b f9 48 8b 0d 10 28 14 00 48 85 c9 74
  0x00007ffd11072664:   20 48 8b 01 48 8d 54 24 38 41 b8 06 00 01 00 4c
  0x00007ffd11072674:   8b 48 30 41 ff d1 85 c0 75 07 48 8b 4c 24 38 eb
  0x00007ffd11072684:   02 33 c9 4c 8b 05 ea 28 14 00 48 89 5c 24 30 4d
  0x00007ffd11072694:   85 c0 74 4a 48 8b 01 48 8b d7 4c 8b 88 28 03 00
  0x00007ffd110726a4:   00 41 ff d1 48 85 c0 74 35 48 63 0d f8 e6 13 00
  0x00007ffd110726b4:   48 8b 14 01 48 85 d2 74 15 48 63 05 fc e6 13 00
=>0x00007ffd110726c4:   8b 04 10 48 8b 5c 24 30 48 83 c4 20 5f c3 b8 ff
  0x00007ffd110726d4:   ff ff ff 48 8b 5c 24 30 48 83 c4 20 5f c3 80 3d
  0x00007ffd110726e4:   9b 27 14 00 00 bb ff ff ff ff 74 20 4c 8b 0d 31
  0x00007ffd110726f4:   24 14 00 4c 8d 44 24 38 48 8b 0d 15 24 14 00 48
  0x00007ffd11072704:   8b d7 41 ff d1 85 c0 0f 44 5c 24 38 8b c3 48 8b
  0x00007ffd11072714:   5c 24 30 48 83 c4 20 5f c3 cc cc cc cc cc cc cc
  0x00007ffd11072724:   cc cc cc cc cc cc cc cc cc cc cc cc cc cc cc cc
  0x00007ffd11072734:   cc cc cc cc cc cc cc cc cc cc cc cc cc cc cc cc
  0x00007ffd11072744:   cc cc cc cc cc cc cc cc cc cc cc cc 48 89 54 24
  0x00007ffd11072754:   10 53 55 56 57 41 56 41 57 48 83 ec 28 48 8b f2
  0x00007ffd11072764:   4c 8b f1 48 89 4c 24 78 45 33 ff 44 89 7c 24 68
  0x00007ffd11072774:   c7 44 24 60 01 00 00 00 48 8d 4c 24 68 e8 ed 42
  0x00007ffd11072784:   f7 ff 8b d8 48 8d 4c 24 60 e8 e1 42 f7 ff 8b e8
  0x00007ffd11072794:   49 8b ce e8 00 fc f6 ff 48 8b f8 90 8b c3 f0 0f
  0x00007ffd110727a4:   b1 2f 74 04 f3 90 eb f4 4c 89 3e 4c 89 7e 08 4c
  0x00007ffd110727b4:   89 7e 10 49 8b 6e 08 4d 8b 76 10 49 3b ee 0f 84


Stack slot to memory mapping:

stack at sp + 0 slots: 0x000000026fafeb00 is pointing into the stack for thread: 0x000001d48ddcb8e0
stack at sp + 1 slots: 0x000001d4ed2e4e68 points into unknown readable memory: 0x000000062a001ed8 | d8 1e 00 2a 06 00 00 00
stack at sp + 2 slots: 0x0 is null
stack at sp + 3 slots: 0x000001d48ddcc030 points into unknown readable memory: 0x6e616c2e6176616a | 6a 61 76 61 2e 6c 61 6e
stack at sp + 4 slots: 0x000000000000001a is an unknown value
stack at sp + 5 slots: 0x00007ffd11072b9b libasyncProfiler.dll
stack at sp + 6 slots: 0x0 is null
stack at sp + 7 slots: 0x000001d48ddcbca8 points into unknown readable memory: 0x00007ffcfc7a17b0 | b0 17 7a fc fc 7f 00 00

Lock stack of current Java thread (top to bottom):


---------------  P R O C E S S  ---------------

Threads class SMR info:
_java_thread_list=0x000001d4eeae2f50, length=15, elements={
0x000001d48ddcb8e0, 0x000001d4a79134d0, 0x000001d4a7913e10, 0x000001d4a7916760,
0x000001d4a7919e40, 0x000001d4a791b240, 0x000001d4a79204c0, 0x000001d4a79213a0,
0x000001d4a7995c20, 0x000001d4a7a40e80, 0x000001d4a7a94900, 0x000001d4a7a406f0,
0x000001d4ed2d9040, 0x000001d4ee760420, 0x000001d4eeaf1e90
}

Java Threads: ( => current thread )
=>0x000001d48ddcb8e0 JavaThread "main"                              [_thread_in_native, id=8480, stack(0x000000026fa00000,0x000000026fb00000) (1024K)]
  0x000001d4a79134d0 JavaThread "Reference Handler"          daemon [_thread_blocked, id=16852, stack(0x0000000270200000,0x0000000270300000) (1024K)]
  0x000001d4a7913e10 JavaThread "Finalizer"                  daemon [_thread_blocked, id=19744, stack(0x0000000270300000,0x0000000270400000) (1024K)]
  0x000001d4a7916760 JavaThread "Signal Dispatcher"          daemon [_thread_blocked, id=30180, stack(0x0000000270400000,0x0000000270500000) (1024K)]
  0x000001d4a7919e40 JavaThread "Attach Listener"            daemon [_thread_blocked, id=19916, stack(0x0000000270500000,0x0000000270600000) (1024K)]
  0x000001d4a791b240 JavaThread "Service Thread"             daemon [_thread_blocked, id=22860, stack(0x0000000270600000,0x0000000270700000) (1024K)]
  0x000001d4a79204c0 JavaThread "Monitor Deflation Thread"   daemon [_thread_blocked, id=19752, stack(0x0000000270700000,0x0000000270800000) (1024K)]
  0x000001d4a79213a0 JavaThread "C1 CompilerThread0"         daemon [_thread_blocked, id=18980, stack(0x0000000270800000,0x0000000270900000) (1024K)]
  0x000001d4a7995c20 JavaThread "C1 CompilerThread1"         daemon [_thread_blocked, id=22984, stack(0x0000000270900000,0x0000000270a00000) (1024K)]
  0x000001d4a7a40e80 JavaThread "C1 CompilerThread2"         daemon [_thread_blocked, id=19836, stack(0x0000000270a00000,0x0000000270b00000) (1024K)]
  0x000001d4a7a94900 JavaThread "Common-Cleaner"             daemon [_thread_blocked, id=17784, stack(0x0000000270b00000,0x0000000270c00000) (1024K)]
  0x000001d4a7a406f0 JavaThread "C1 CompilerThread3"         daemon [_thread_blocked, id=19768, stack(0x0000000270c00000,0x0000000270d00000) (1024K)]
  0x000001d4ed2d9040 JavaThread "Monitor Ctrl-Break"         daemon [_thread_in_native, id=23992, stack(0x0000000270d00000,0x0000000270e00000) (1024K)]
  0x000001d4ee760420 JavaThread "JFR Recorder Thread"        daemon [_thread_in_native, id=6036, stack(0x0000000270e00000,0x0000000270f00000) (1024K)]
  0x000001d4eeaf1e90 JavaThread "JFR Periodic Tasks"         daemon [_thread_blocked, id=19748, stack(0x0000000270f00000,0x0000000271000000) (1024K)]
Total: 15

Other Threads:
  0x000001d4a7900560 VMThread "VM Thread"                           [id=11624, stack(0x0000000270100000,0x0000000270200000) (1024K)]
  0x000001d48dace1a0 WatcherThread "VM Periodic Task Thread"        [id=19740, stack(0x0000000270000000,0x0000000270100000) (1024K)]
  0x000001d48d9e28a0 WorkerThread "GC Thread#0"                     [id=18800, stack(0x000000026fb00000,0x000000026fc00000) (1024K)]
  0x000001d48d9f7130 ConcurrentGCThread "G1 Main Marker"            [id=20160, stack(0x000000026fc00000,0x000000026fd00000) (1024K)]
  0x000001d48d9f9c70 WorkerThread "G1 Conc#0"                       [id=30588, stack(0x000000026fd00000,0x000000026fe00000) (1024K)]
  0x000001d48dac4960 ConcurrentGCThread "G1 Refine#0"               [id=10372, stack(0x000000026fe00000,0x000000026ff00000) (1024K)]
  0x000001d48dac7400 ConcurrentGCThread "G1 Service"                [id=26560, stack(0x000000026ff00000,0x0000000270000000) (1024K)]
Total: 7

Threads with active compile tasks:
Total: 0

VM state: not at safepoint (normal execution)

VM Mutex/Monitor currently owned by a thread: None

Heap address: 0x000000060ac00000, size: 8020 MB, Compressed Oops mode: Zero based, Oop shift amount: 3

CDS archive(s) mapped at: [0x000001d4a8000000-0x000001d4a8d40000-0x000001d4a8d40000), size 13893632, SharedBaseAddress: 0x000001d4a8000000, ArchiveRelocationMode: 1.
Compressed class space mapped at: 0x000001d4a9000000-0x000001d4e9000000, reserved size: 1073741824
UseCompressedClassPointers 1, UseCompactObjectHeaders 0
Narrow klass pointer bits 32, Max shift 3
Narrow klass base: 0x000001d4a8000000, Narrow klass shift: 0
Encoding Range: [0x000001d4a8000000 - 0x000001d5a8000000), (4294967296 bytes)
Klass Range:    [0x000001d4a8000000 - 0x000001d4e9000000), (1090519040 bytes)
Klass ID Range:  [8 - 1090519033) (1090519025)

GC Precious Log:
 CardTable entry size: 512
 Card Set container configuration: InlinePtr #cards 4 size 8 Array Of Cards #cards 32 size 80 Howl #buckets 8 coarsen threshold 7372 Howl Bitmap #cards 1024 size 144 coarsen threshold 921 Card regions per heap region 1 cards per card region 8192
 CPUs: 18 total, 18 available
 Memory: 32071M
 Large Page Support: Disabled
 NUMA Support: Disabled
 Compressed Oops: Enabled (Zero based)
 Heap Region Size: 4M
 Heap Min Capacity: 8M
 Heap Initial Capacity: 504M
 Heap Max Capacity: 8020M
 Pre-touch: Disabled
 Parallel Workers: 14
 Concurrent Workers: 4
 Concurrent Refinement Workers: 14
 Periodic GC: Disabled

Heap:
 garbage-first heap   total reserved 8212480K, committed 520192K, used 25712K [0x000000060ac00000, 0x0000000800000000)
  region size 4096K, 7 young (28672K), 0 survivors (0K)
 Metaspace       used 2697K, committed 2880K, reserved 1114112K
  class space    used 302K, committed 384K, reserved 1048576K

Heap Regions: E=young(eden), S=young(survivor), O=old, HS=humongous(starts), HC=humongous(continues), CS=collection set, F=free, TAMS=top-at-mark-start, PB=parsable bottom
|   0|0x000000060ac00000, 0x000000060ac00000, 0x000000060b000000|  0%| F|  |TAMS 0x000000060ac00000| PB 0x000000060ac00000| Untracked |  0
|   1|0x000000060b000000, 0x000000060b000000, 0x000000060b400000|  0%| F|  |TAMS 0x000000060b000000| PB 0x000000060b000000| Untracked |  0
|   2|0x000000060b400000, 0x000000060b400000, 0x000000060b800000|  0%| F|  |TAMS 0x000000060b400000| PB 0x000000060b400000| Untracked |  0
|   3|0x000000060b800000, 0x000000060b800000, 0x000000060bc00000|  0%| F|  |TAMS 0x000000060b800000| PB 0x000000060b800000| Untracked |  0
|   4|0x000000060bc00000, 0x000000060bc00000, 0x000000060c000000|  0%| F|  |TAMS 0x000000060bc00000| PB 0x000000060bc00000| Untracked |  0
|   5|0x000000060c000000, 0x000000060c000000, 0x000000060c400000|  0%| F|  |TAMS 0x000000060c000000| PB 0x000000060c000000| Untracked |  0
|   6|0x000000060c400000, 0x000000060c400000, 0x000000060c800000|  0%| F|  |TAMS 0x000000060c400000| PB 0x000000060c400000| Untracked |  0
|   7|0x000000060c800000, 0x000000060c800000, 0x000000060cc00000|  0%| F|  |TAMS 0x000000060c800000| PB 0x000000060c800000| Untracked |  0
|   8|0x000000060cc00000, 0x000000060cc00000, 0x000000060d000000|  0%| F|  |TAMS 0x000000060cc00000| PB 0x000000060cc00000| Untracked |  0
|   9|0x000000060d000000, 0x000000060d000000, 0x000000060d400000|  0%| F|  |TAMS 0x000000060d000000| PB 0x000000060d000000| Untracked |  0
|  10|0x000000060d400000, 0x000000060d400000, 0x000000060d800000|  0%| F|  |TAMS 0x000000060d400000| PB 0x000000060d400000| Untracked |  0
|  11|0x000000060d800000, 0x000000060d800000, 0x000000060dc00000|  0%| F|  |TAMS 0x000000060d800000| PB 0x000000060d800000| Untracked |  0
|  12|0x000000060dc00000, 0x000000060dc00000, 0x000000060e000000|  0%| F|  |TAMS 0x000000060dc00000| PB 0x000000060dc00000| Untracked |  0
|  13|0x000000060e000000, 0x000000060e000000, 0x000000060e400000|  0%| F|  |TAMS 0x000000060e000000| PB 0x000000060e000000| Untracked |  0
|  14|0x000000060e400000, 0x000000060e400000, 0x000000060e800000|  0%| F|  |TAMS 0x000000060e400000| PB 0x000000060e400000| Untracked |  0
|  15|0x000000060e800000, 0x000000060e800000, 0x000000060ec00000|  0%| F|  |TAMS 0x000000060e800000| PB 0x000000060e800000| Untracked |  0
|  16|0x000000060ec00000, 0x000000060ec00000, 0x000000060f000000|  0%| F|  |TAMS 0x000000060ec00000| PB 0x000000060ec00000| Untracked |  0
|  17|0x000000060f000000, 0x000000060f000000, 0x000000060f400000|  0%| F|  |TAMS 0x000000060f000000| PB 0x000000060f000000| Untracked |  0
|  18|0x000000060f400000, 0x000000060f400000, 0x000000060f800000|  0%| F|  |TAMS 0x000000060f400000| PB 0x000000060f400000| Untracked |  0
|  19|0x000000060f800000, 0x000000060f800000, 0x000000060fc00000|  0%| F|  |TAMS 0x000000060f800000| PB 0x000000060f800000| Untracked |  0
|  20|0x000000060fc00000, 0x000000060fc00000, 0x0000000610000000|  0%| F|  |TAMS 0x000000060fc00000| PB 0x000000060fc00000| Untracked |  0
|  21|0x0000000610000000, 0x0000000610000000, 0x0000000610400000|  0%| F|  |TAMS 0x0000000610000000| PB 0x0000000610000000| Untracked |  0
|  22|0x0000000610400000, 0x0000000610400000, 0x0000000610800000|  0%| F|  |TAMS 0x0000000610400000| PB 0x0000000610400000| Untracked |  0
|  23|0x0000000610800000, 0x0000000610800000, 0x0000000610c00000|  0%| F|  |TAMS 0x0000000610800000| PB 0x0000000610800000| Untracked |  0
|  24|0x0000000610c00000, 0x0000000610c00000, 0x0000000611000000|  0%| F|  |TAMS 0x0000000610c00000| PB 0x0000000610c00000| Untracked |  0
|  25|0x0000000611000000, 0x0000000611000000, 0x0000000611400000|  0%| F|  |TAMS 0x0000000611000000| PB 0x0000000611000000| Untracked |  0
|  26|0x0000000611400000, 0x0000000611400000, 0x0000000611800000|  0%| F|  |TAMS 0x0000000611400000| PB 0x0000000611400000| Untracked |  0
|  27|0x0000000611800000, 0x0000000611800000, 0x0000000611c00000|  0%| F|  |TAMS 0x0000000611800000| PB 0x0000000611800000| Untracked |  0
|  28|0x0000000611c00000, 0x0000000611c00000, 0x0000000612000000|  0%| F|  |TAMS 0x0000000611c00000| PB 0x0000000611c00000| Untracked |  0
|  29|0x0000000612000000, 0x0000000612000000, 0x0000000612400000|  0%| F|  |TAMS 0x0000000612000000| PB 0x0000000612000000| Untracked |  0
|  30|0x0000000612400000, 0x0000000612400000, 0x0000000612800000|  0%| F|  |TAMS 0x0000000612400000| PB 0x0000000612400000| Untracked |  0
|  31|0x0000000612800000, 0x0000000612800000, 0x0000000612c00000|  0%| F|  |TAMS 0x0000000612800000| PB 0x0000000612800000| Untracked |  0
|  32|0x0000000612c00000, 0x0000000612c00000, 0x0000000613000000|  0%| F|  |TAMS 0x0000000612c00000| PB 0x0000000612c00000| Untracked |  0
|  33|0x0000000613000000, 0x0000000613000000, 0x0000000613400000|  0%| F|  |TAMS 0x0000000613000000| PB 0x0000000613000000| Untracked |  0
|  34|0x0000000613400000, 0x0000000613400000, 0x0000000613800000|  0%| F|  |TAMS 0x0000000613400000| PB 0x0000000613400000| Untracked |  0
|  35|0x0000000613800000, 0x0000000613800000, 0x0000000613c00000|  0%| F|  |TAMS 0x0000000613800000| PB 0x0000000613800000| Untracked |  0
|  36|0x0000000613c00000, 0x0000000613c00000, 0x0000000614000000|  0%| F|  |TAMS 0x0000000613c00000| PB 0x0000000613c00000| Untracked |  0
|  37|0x0000000614000000, 0x0000000614000000, 0x0000000614400000|  0%| F|  |TAMS 0x0000000614000000| PB 0x0000000614000000| Untracked |  0
|  38|0x0000000614400000, 0x0000000614400000, 0x0000000614800000|  0%| F|  |TAMS 0x0000000614400000| PB 0x0000000614400000| Untracked |  0
|  39|0x0000000614800000, 0x0000000614800000, 0x0000000614c00000|  0%| F|  |TAMS 0x0000000614800000| PB 0x0000000614800000| Untracked |  0
|  40|0x0000000614c00000, 0x0000000614c00000, 0x0000000615000000|  0%| F|  |TAMS 0x0000000614c00000| PB 0x0000000614c00000| Untracked |  0
|  41|0x0000000615000000, 0x0000000615000000, 0x0000000615400000|  0%| F|  |TAMS 0x0000000615000000| PB 0x0000000615000000| Untracked |  0
|  42|0x0000000615400000, 0x0000000615400000, 0x0000000615800000|  0%| F|  |TAMS 0x0000000615400000| PB 0x0000000615400000| Untracked |  0
|  43|0x0000000615800000, 0x0000000615800000, 0x0000000615c00000|  0%| F|  |TAMS 0x0000000615800000| PB 0x0000000615800000| Untracked |  0
|  44|0x0000000615c00000, 0x0000000615c00000, 0x0000000616000000|  0%| F|  |TAMS 0x0000000615c00000| PB 0x0000000615c00000| Untracked |  0
|  45|0x0000000616000000, 0x0000000616000000, 0x0000000616400000|  0%| F|  |TAMS 0x0000000616000000| PB 0x0000000616000000| Untracked |  0
|  46|0x0000000616400000, 0x0000000616400000, 0x0000000616800000|  0%| F|  |TAMS 0x0000000616400000| PB 0x0000000616400000| Untracked |  0
|  47|0x0000000616800000, 0x0000000616800000, 0x0000000616c00000|  0%| F|  |TAMS 0x0000000616800000| PB 0x0000000616800000| Untracked |  0
|  48|0x0000000616c00000, 0x0000000616c00000, 0x0000000617000000|  0%| F|  |TAMS 0x0000000616c00000| PB 0x0000000616c00000| Untracked |  0
|  49|0x0000000617000000, 0x0000000617000000, 0x0000000617400000|  0%| F|  |TAMS 0x0000000617000000| PB 0x0000000617000000| Untracked |  0
|  50|0x0000000617400000, 0x0000000617400000, 0x0000000617800000|  0%| F|  |TAMS 0x0000000617400000| PB 0x0000000617400000| Untracked |  0
|  51|0x0000000617800000, 0x0000000617800000, 0x0000000617c00000|  0%| F|  |TAMS 0x0000000617800000| PB 0x0000000617800000| Untracked |  0
|  52|0x0000000617c00000, 0x0000000617c00000, 0x0000000618000000|  0%| F|  |TAMS 0x0000000617c00000| PB 0x0000000617c00000| Untracked |  0
|  53|0x0000000618000000, 0x0000000618000000, 0x0000000618400000|  0%| F|  |TAMS 0x0000000618000000| PB 0x0000000618000000| Untracked |  0
|  54|0x0000000618400000, 0x0000000618400000, 0x0000000618800000|  0%| F|  |TAMS 0x0000000618400000| PB 0x0000000618400000| Untracked |  0
|  55|0x0000000618800000, 0x0000000618800000, 0x0000000618c00000|  0%| F|  |TAMS 0x0000000618800000| PB 0x0000000618800000| Untracked |  0
|  56|0x0000000618c00000, 0x0000000618c00000, 0x0000000619000000|  0%| F|  |TAMS 0x0000000618c00000| PB 0x0000000618c00000| Untracked |  0
|  57|0x0000000619000000, 0x0000000619000000, 0x0000000619400000|  0%| F|  |TAMS 0x0000000619000000| PB 0x0000000619000000| Untracked |  0
|  58|0x0000000619400000, 0x0000000619400000, 0x0000000619800000|  0%| F|  |TAMS 0x0000000619400000| PB 0x0000000619400000| Untracked |  0
|  59|0x0000000619800000, 0x0000000619800000, 0x0000000619c00000|  0%| F|  |TAMS 0x0000000619800000| PB 0x0000000619800000| Untracked |  0
|  60|0x0000000619c00000, 0x0000000619c00000, 0x000000061a000000|  0%| F|  |TAMS 0x0000000619c00000| PB 0x0000000619c00000| Untracked |  0
|  61|0x000000061a000000, 0x000000061a000000, 0x000000061a400000|  0%| F|  |TAMS 0x000000061a000000| PB 0x000000061a000000| Untracked |  0
|  62|0x000000061a400000, 0x000000061a400000, 0x000000061a800000|  0%| F|  |TAMS 0x000000061a400000| PB 0x000000061a400000| Untracked |  0
|  63|0x000000061a800000, 0x000000061a800000, 0x000000061ac00000|  0%| F|  |TAMS 0x000000061a800000| PB 0x000000061a800000| Untracked |  0
|  64|0x000000061ac00000, 0x000000061ac00000, 0x000000061b000000|  0%| F|  |TAMS 0x000000061ac00000| PB 0x000000061ac00000| Untracked |  0
|  65|0x000000061b000000, 0x000000061b000000, 0x000000061b400000|  0%| F|  |TAMS 0x000000061b000000| PB 0x000000061b000000| Untracked |  0
|  66|0x000000061b400000, 0x000000061b400000, 0x000000061b800000|  0%| F|  |TAMS 0x000000061b400000| PB 0x000000061b400000| Untracked |  0
|  67|0x000000061b800000, 0x000000061b800000, 0x000000061bc00000|  0%| F|  |TAMS 0x000000061b800000| PB 0x000000061b800000| Untracked |  0
|  68|0x000000061bc00000, 0x000000061bc00000, 0x000000061c000000|  0%| F|  |TAMS 0x000000061bc00000| PB 0x000000061bc00000| Untracked |  0
|  69|0x000000061c000000, 0x000000061c000000, 0x000000061c400000|  0%| F|  |TAMS 0x000000061c000000| PB 0x000000061c000000| Untracked |  0
|  70|0x000000061c400000, 0x000000061c400000, 0x000000061c800000|  0%| F|  |TAMS 0x000000061c400000| PB 0x000000061c400000| Untracked |  0
|  71|0x000000061c800000, 0x000000061c800000, 0x000000061cc00000|  0%| F|  |TAMS 0x000000061c800000| PB 0x000000061c800000| Untracked |  0
|  72|0x000000061cc00000, 0x000000061cc00000, 0x000000061d000000|  0%| F|  |TAMS 0x000000061cc00000| PB 0x000000061cc00000| Untracked |  0
|  73|0x000000061d000000, 0x000000061d000000, 0x000000061d400000|  0%| F|  |TAMS 0x000000061d000000| PB 0x000000061d000000| Untracked |  0
|  74|0x000000061d400000, 0x000000061d400000, 0x000000061d800000|  0%| F|  |TAMS 0x000000061d400000| PB 0x000000061d400000| Untracked |  0
|  75|0x000000061d800000, 0x000000061d800000, 0x000000061dc00000|  0%| F|  |TAMS 0x000000061d800000| PB 0x000000061d800000| Untracked |  0
|  76|0x000000061dc00000, 0x000000061dc00000, 0x000000061e000000|  0%| F|  |TAMS 0x000000061dc00000| PB 0x000000061dc00000| Untracked |  0
|  77|0x000000061e000000, 0x000000061e000000, 0x000000061e400000|  0%| F|  |TAMS 0x000000061e000000| PB 0x000000061e000000| Untracked |  0
|  78|0x000000061e400000, 0x000000061e400000, 0x000000061e800000|  0%| F|  |TAMS 0x000000061e400000| PB 0x000000061e400000| Untracked |  0
|  79|0x000000061e800000, 0x000000061e800000, 0x000000061ec00000|  0%| F|  |TAMS 0x000000061e800000| PB 0x000000061e800000| Untracked |  0
|  80|0x000000061ec00000, 0x000000061ec00000, 0x000000061f000000|  0%| F|  |TAMS 0x000000061ec00000| PB 0x000000061ec00000| Untracked |  0
|  81|0x000000061f000000, 0x000000061f000000, 0x000000061f400000|  0%| F|  |TAMS 0x000000061f000000| PB 0x000000061f000000| Untracked |  0
|  82|0x000000061f400000, 0x000000061f400000, 0x000000061f800000|  0%| F|  |TAMS 0x000000061f400000| PB 0x000000061f400000| Untracked |  0
|  83|0x000000061f800000, 0x000000061f800000, 0x000000061fc00000|  0%| F|  |TAMS 0x000000061f800000| PB 0x000000061f800000| Untracked |  0
|  84|0x000000061fc00000, 0x000000061fc00000, 0x0000000620000000|  0%| F|  |TAMS 0x000000061fc00000| PB 0x000000061fc00000| Untracked |  0
|  85|0x0000000620000000, 0x0000000620000000, 0x0000000620400000|  0%| F|  |TAMS 0x0000000620000000| PB 0x0000000620000000| Untracked |  0
|  86|0x0000000620400000, 0x0000000620400000, 0x0000000620800000|  0%| F|  |TAMS 0x0000000620400000| PB 0x0000000620400000| Untracked |  0
|  87|0x0000000620800000, 0x0000000620800000, 0x0000000620c00000|  0%| F|  |TAMS 0x0000000620800000| PB 0x0000000620800000| Untracked |  0
|  88|0x0000000620c00000, 0x0000000620c00000, 0x0000000621000000|  0%| F|  |TAMS 0x0000000620c00000| PB 0x0000000620c00000| Untracked |  0
|  89|0x0000000621000000, 0x0000000621000000, 0x0000000621400000|  0%| F|  |TAMS 0x0000000621000000| PB 0x0000000621000000| Untracked |  0
|  90|0x0000000621400000, 0x0000000621400000, 0x0000000621800000|  0%| F|  |TAMS 0x0000000621400000| PB 0x0000000621400000| Untracked |  0
|  91|0x0000000621800000, 0x0000000621800000, 0x0000000621c00000|  0%| F|  |TAMS 0x0000000621800000| PB 0x0000000621800000| Untracked |  0
|  92|0x0000000621c00000, 0x0000000621c00000, 0x0000000622000000|  0%| F|  |TAMS 0x0000000621c00000| PB 0x0000000621c00000| Untracked |  0
|  93|0x0000000622000000, 0x0000000622000000, 0x0000000622400000|  0%| F|  |TAMS 0x0000000622000000| PB 0x0000000622000000| Untracked |  0
|  94|0x0000000622400000, 0x0000000622400000, 0x0000000622800000|  0%| F|  |TAMS 0x0000000622400000| PB 0x0000000622400000| Untracked |  0
|  95|0x0000000622800000, 0x0000000622800000, 0x0000000622c00000|  0%| F|  |TAMS 0x0000000622800000| PB 0x0000000622800000| Untracked |  0
|  96|0x0000000622c00000, 0x0000000622c00000, 0x0000000623000000|  0%| F|  |TAMS 0x0000000622c00000| PB 0x0000000622c00000| Untracked |  0
|  97|0x0000000623000000, 0x0000000623000000, 0x0000000623400000|  0%| F|  |TAMS 0x0000000623000000| PB 0x0000000623000000| Untracked |  0
|  98|0x0000000623400000, 0x0000000623400000, 0x0000000623800000|  0%| F|  |TAMS 0x0000000623400000| PB 0x0000000623400000| Untracked |  0
|  99|0x0000000623800000, 0x0000000623800000, 0x0000000623c00000|  0%| F|  |TAMS 0x0000000623800000| PB 0x0000000623800000| Untracked |  0
| 100|0x0000000623c00000, 0x0000000623c00000, 0x0000000624000000|  0%| F|  |TAMS 0x0000000623c00000| PB 0x0000000623c00000| Untracked |  0
| 101|0x0000000624000000, 0x0000000624000000, 0x0000000624400000|  0%| F|  |TAMS 0x0000000624000000| PB 0x0000000624000000| Untracked |  0
| 102|0x0000000624400000, 0x0000000624400000, 0x0000000624800000|  0%| F|  |TAMS 0x0000000624400000| PB 0x0000000624400000| Untracked |  0
| 103|0x0000000624800000, 0x0000000624800000, 0x0000000624c00000|  0%| F|  |TAMS 0x0000000624800000| PB 0x0000000624800000| Untracked |  0
| 104|0x0000000624c00000, 0x0000000624c00000, 0x0000000625000000|  0%| F|  |TAMS 0x0000000624c00000| PB 0x0000000624c00000| Untracked |  0
| 105|0x0000000625000000, 0x0000000625000000, 0x0000000625400000|  0%| F|  |TAMS 0x0000000625000000| PB 0x0000000625000000| Untracked |  0
| 106|0x0000000625400000, 0x0000000625400000, 0x0000000625800000|  0%| F|  |TAMS 0x0000000625400000| PB 0x0000000625400000| Untracked |  0
| 107|0x0000000625800000, 0x0000000625800000, 0x0000000625c00000|  0%| F|  |TAMS 0x0000000625800000| PB 0x0000000625800000| Untracked |  0
| 108|0x0000000625c00000, 0x0000000625c00000, 0x0000000626000000|  0%| F|  |TAMS 0x0000000625c00000| PB 0x0000000625c00000| Untracked |  0
| 109|0x0000000626000000, 0x0000000626000000, 0x0000000626400000|  0%| F|  |TAMS 0x0000000626000000| PB 0x0000000626000000| Untracked |  0
| 110|0x0000000626400000, 0x0000000626400000, 0x0000000626800000|  0%| F|  |TAMS 0x0000000626400000| PB 0x0000000626400000| Untracked |  0
| 111|0x0000000626800000, 0x0000000626800000, 0x0000000626c00000|  0%| F|  |TAMS 0x0000000626800000| PB 0x0000000626800000| Untracked |  0
| 112|0x0000000626c00000, 0x0000000626c00000, 0x0000000627000000|  0%| F|  |TAMS 0x0000000626c00000| PB 0x0000000626c00000| Untracked |  0
| 113|0x0000000627000000, 0x0000000627000000, 0x0000000627400000|  0%| F|  |TAMS 0x0000000627000000| PB 0x0000000627000000| Untracked |  0
| 114|0x0000000627400000, 0x0000000627400000, 0x0000000627800000|  0%| F|  |TAMS 0x0000000627400000| PB 0x0000000627400000| Untracked |  0
| 115|0x0000000627800000, 0x0000000627800000, 0x0000000627c00000|  0%| F|  |TAMS 0x0000000627800000| PB 0x0000000627800000| Untracked |  0
| 116|0x0000000627c00000, 0x0000000627c00000, 0x0000000628000000|  0%| F|  |TAMS 0x0000000627c00000| PB 0x0000000627c00000| Untracked |  0
| 117|0x0000000628000000, 0x0000000628000000, 0x0000000628400000|  0%| F|  |TAMS 0x0000000628000000| PB 0x0000000628000000| Untracked |  0
| 118|0x0000000628400000, 0x0000000628400000, 0x0000000628800000|  0%| F|  |TAMS 0x0000000628400000| PB 0x0000000628400000| Untracked |  0
| 119|0x0000000628800000, 0x0000000628ae14e8, 0x0000000628c00000| 72%| E|  |TAMS 0x0000000628800000| PB 0x0000000628800000| Complete |  0
| 120|0x0000000628c00000, 0x0000000629000000, 0x0000000629000000|100%| E|CS|TAMS 0x0000000628c00000| PB 0x0000000628c00000| Complete |  0
| 121|0x0000000629000000, 0x0000000629400000, 0x0000000629400000|100%| E|CS|TAMS 0x0000000629000000| PB 0x0000000629000000| Complete |  0
| 122|0x0000000629400000, 0x0000000629800000, 0x0000000629800000|100%| E|CS|TAMS 0x0000000629400000| PB 0x0000000629400000| Complete |  0
| 123|0x0000000629800000, 0x0000000629c00000, 0x0000000629c00000|100%| E|CS|TAMS 0x0000000629800000| PB 0x0000000629800000| Complete |  0
| 124|0x0000000629c00000, 0x000000062a000000, 0x000000062a000000|100%| E|CS|TAMS 0x0000000629c00000| PB 0x0000000629c00000| Complete |  0
| 125|0x000000062a000000, 0x000000062a400000, 0x000000062a400000|100%| E|CS|TAMS 0x000000062a000000| PB 0x000000062a000000| Complete |  0
|2004|0x00000007ffc00000, 0x00000007ffd1c288, 0x0000000800000000| 27%| O|  |TAMS 0x00000007ffc00000| PB 0x00000007ffc00000| Untracked |  0

Card table byte_map: [0x000001d49bab0000,0x000001d49ca60000] _byte_map_base: 0x000001d498a5a000

Marking Bits: (CMBitMap*) 0x000001d48d9e2ec0
 Bits: [0x000001d49ca60000, 0x000001d4a47b0000)

Polling page: 0x000001d48bb90000

Metaspace:

Usage:
  Non-class:      2.34 MB used.
      Class:    302.70 KB used.
       Both:      2.63 MB used.

Virtual space:
  Non-class space:       64.00 MB reserved,       2.44 MB (  4%) committed,  1 nodes.
      Class space:        1.00 GB reserved,     384.00 KB ( <1%) committed,  1 nodes.
             Both:        1.06 GB reserved,       2.81 MB ( <1%) committed. 

Chunk freelists:
   Non-Class:  11.93 MB
       Class:  15.59 MB
        Both:  27.51 MB

MaxMetaspaceSize: unlimited
CompressedClassSpaceSize: 1.00 GB
Initial GC threshold: 21.00 MB
Current GC threshold: 21.00 MB
CDS: on
 - commit_granule_bytes: 65536.
 - commit_granule_words: 8192.
 - virtual_space_node_default_size: 8388608.
 - enlarge_chunks_in_place: 1.
UseCompressedClassPointers 1, UseCompactObjectHeaders 0
Narrow klass pointer bits 32, Max shift 3
Narrow klass base: 0x000001d4a8000000, Narrow klass shift: 0
Encoding Range: [0x000001d4a8000000 - 0x000001d5a8000000), (4294967296 bytes)
Klass Range:    [0x000001d4a8000000 - 0x000001d4e9000000), (1090519040 bytes)
Klass ID Range:  [8 - 1090519033) (1090519025)


Internal statistics:

num_allocs_failed_limit: 0.
num_arena_births: 68.
num_arena_deaths: 0.
num_vsnodes_births: 2.
num_vsnodes_deaths: 0.
num_space_committed: 45.
num_space_uncommitted: 0.
num_chunks_returned_to_freelist: 0.
num_chunks_taken_from_freelist: 73.
num_chunk_merges: 0.
num_chunk_splits: 52.
num_chunks_enlarged: 33.
num_inconsistent_stats: 0.

CodeCache: size=49152Kb used=4363Kb max_used=4363Kb free=44788Kb
 bounds [0x000001d496e40000, 0x000001d497290000, 0x000001d499e40000]
 total_blobs=1793, nmethods=1365, adapters=352, full_count=0
Compilation: enabled, stopped_count=0, restarted_count=0

Compilation events (20 events):
Event: 0.290 Thread 0x000001d4a7a406f0 1358       1       jdk.jfr.internal.EventControl::getNamedControls (5 bytes)
Event: 0.290 Thread 0x000001d4a79213a0 1359       1       jdk.jfr.internal.PlatformEventType::isEnabled (5 bytes)
Event: 0.290 Thread 0x000001d4a7a40e80 nmethod 1356 0x000001d49727fe88 code [0x000001d49727ff80, 0x000001d497280048]
Event: 0.290 Thread 0x000001d4a7995c20 nmethod 1357 0x000001d497280188 code [0x000001d497280280, 0x000001d497280348]
Event: 0.290 Thread 0x000001d4a7995c20 1360   !   1       jdk.jfr.internal.Control::setValue (102 bytes)
Event: 0.290 Thread 0x000001d4a7a40e80 1361       1       jdk.jfr.internal.SettingsManager$InternalSetting::getValues (35 bytes)
Event: 0.290 Thread 0x000001d4a7a406f0 nmethod 1358 0x000001d497280488 code [0x000001d497280580, 0x000001d497280648]
Event: 0.290 Thread 0x000001d4a79213a0 nmethod 1359 0x000001d497280788 code [0x000001d497280880, 0x000001d497280948]
Event: 0.290 Thread 0x000001d4a79213a0 1362       1       jdk.jfr.internal.Control::apply (10 bytes)
Event: 0.290 Thread 0x000001d4a7a406f0 1363       1       jdk.jfr.internal.Control::findCombine (121 bytes)
Event: 0.290 Thread 0x000001d4a79213a0 nmethod 1362 0x000001d497280a88 code [0x000001d497280ba0, 0x000001d497280cc0]
Event: 0.290 Thread 0x000001d4a79213a0 1364       1       java.lang.StringLatin1::getChar (9 bytes)
Event: 0.290 Thread 0x000001d4a79213a0 nmethod 1364 0x000001d497280d88 code [0x000001d497280ea0, 0x000001d497280f78]
Event: 0.290 Thread 0x000001d4a7a40e80 nmethod 1361 0x000001d497281088 code [0x000001d4972811c0, 0x000001d4972813e0]
Event: 0.291 Thread 0x000001d4a7a406f0 nmethod 1363 0x000001d497281408 code [0x000001d4972815c0, 0x000001d497281d88]
Event: 0.291 Thread 0x000001d4a7995c20 nmethod 1360 0x000001d497281e08 code [0x000001d497282000, 0x000001d4972826c8]
Event: 0.291 Thread 0x000001d4a7995c20 1365       1       jdk.jfr.internal.periodic.EventTask::getEventType (5 bytes)
Event: 0.291 Thread 0x000001d4a7995c20 nmethod 1365 0x000001d497282788 code [0x000001d497282880, 0x000001d497282948]
Event: 0.291 Thread 0x000001d4a79213a0 1366       1       jdk.jfr.internal.periodic.PeriodicTask::getPeriod (5 bytes)
Event: 0.291 Thread 0x000001d4a79213a0 nmethod 1366 0x000001d497282a88 code [0x000001d497282b80, 0x000001d497282c48]

GC Heap History (0 events):
No events

Dll operation events (8 events):
Event: 0.029 Loaded shared library C:\Users\sj\.jdks\openjdk-24.0.1\bin\java.dll
Event: 0.100 Loaded shared library C:\Users\sj\.jdks\openjdk-24.0.1\bin\zip.dll
Event: 0.102 Loaded shared library C:\Users\sj\.jdks\openjdk-24.0.1\bin\instrument.dll
Event: 0.105 Loaded shared library C:\Users\sj\.jdks\openjdk-24.0.1\bin\net.dll
Event: 0.106 Loaded shared library C:\Users\sj\.jdks\openjdk-24.0.1\bin\nio.dll
Event: 0.108 Loaded shared library C:\Users\sj\.jdks\openjdk-24.0.1\bin\zip.dll
Event: 0.161 Loaded shared library C:\Users\sj\.jdks\openjdk-24.0.1\bin\extnet.dll
Event: 0.183 Loaded shared library C:\Users\sj\.jdks\openjdk-24.0.1\bin\jimage.dll

Deoptimization events (0 events):
No events

Classes loaded (20 events):
Event: 0.277 Loading class jdk/jfr/internal/MetadataWriter
Event: 0.278 Loading class jdk/jfr/internal/MetadataWriter done
Event: 0.278 Loading class jdk/jfr/internal/MetadataDescriptor$Element
Event: 0.278 Loading class jdk/jfr/internal/MetadataDescriptor$Element done
Event: 0.278 Loading class jdk/jfr/internal/MetadataDescriptor$Attribute
Event: 0.278 Loading class jdk/jfr/internal/MetadataDescriptor$Attribute done
Event: 0.282 Loading class jdk/jfr/internal/consumer/StringParser$Encoding
Event: 0.282 Loading class jdk/jfr/internal/consumer/StringParser$Encoding done
Event: 0.287 Loading class jdk/jfr/internal/consumer/RepositoryFiles
Event: 0.287 Loading class jdk/jfr/internal/consumer/RepositoryFiles done
Event: 0.288 Loading class jdk/jfr/internal/SettingsManager$InternalSetting
Event: 0.288 Loading class jdk/jfr/internal/SettingsManager$InternalSetting done
Event: 0.289 Loading class jdk/jfr/internal/util/Rate
Event: 0.289 Loading class jdk/jfr/internal/util/Rate done
Event: 0.289 Loading class jdk/jfr/internal/util/TimespanUnit
Event: 0.289 Loading class jdk/jfr/internal/util/TimespanUnit done
Event: 0.289 Loading class jdk/jfr/internal/util/ValueParser
Event: 0.289 Loading class jdk/jfr/internal/util/ValueParser done
Event: 0.290 Loading class jdk/jfr/internal/periodic/PeriodicType
Event: 0.290 Loading class jdk/jfr/internal/periodic/PeriodicType done

Classes unloaded (0 events):
No events

Classes redefined (0 events):
No events

Internal exceptions (18 events):
Event: 0.149 Thread 0x000001d48ddcb8e0 Exception <a 'java/lang/NoSuchMethodError'{0x0000000629aa58d8}: 'void java.lang.invoke.DirectMethodHandle$Holder.invokeStatic(java.lang.Object, java.lang.Object, java.lang.Object)'> (0x0000000629aa58d8) 
thrown [s\open\src\hotspot\share\interpreter\linkResolver.cpp, line 805]
Event: 0.153 Thread 0x000001d48ddcb8e0 Exception <a 'java/lang/NoSuchMethodError'{0x0000000629ada498}: 'java.lang.Object java.lang.invoke.Invokers$Holder.invokeExact_MT(java.lang.Object, java.lang.Object, java.lang.Object, java.lang.Object, java.lang.Object)'> (0x0000000629ada498) 
thrown [s\open\src\hotspot\share\interpreter\linkResolver.cpp, line 805]
Event: 0.158 Thread 0x000001d48ddcb8e0 Exception <a 'java/lang/NoSuchMethodError'{0x0000000629aeb7e0}: 'java.lang.Object java.lang.invoke.DirectMethodHandle$Holder.invokeStaticInit(java.lang.Object, java.lang.Object, java.lang.Object)'> (0x0000000629aeb7e0) 
thrown [s\open\src\hotspot\share\interpreter\linkResolver.cpp, line 805]
Event: 0.160 Thread 0x000001d4ed2d9040 Exception <a 'java/lang/NoSuchMethodError'{0x0000000629b69c28}: 'java.lang.Object java.lang.invoke.DirectMethodHandle$Holder.invokeStaticInit(java.lang.Object)'> (0x0000000629b69c28) 
thrown [s\open\src\hotspot\share\interpreter\linkResolver.cpp, line 805]
Event: 0.162 Thread 0x000001d4ed2d9040 Exception <a 'java/lang/NoSuchMethodError'{0x0000000629b74838}: 'void java.lang.invoke.DirectMethodHandle$Holder.invokeStatic(java.lang.Object, java.lang.Object)'> (0x0000000629b74838) 
thrown [s\open\src\hotspot\share\interpreter\linkResolver.cpp, line 805]
Event: 0.191 Thread 0x000001d48ddcb8e0 Exception <a 'java/lang/NoSuchMethodError'{0x0000000629766f20}: 'void java.lang.invoke.DirectMethodHandle$Holder.invokeStaticInit(java.lang.Object)'> (0x0000000629766f20) 
thrown [s\open\src\hotspot\share\interpreter\linkResolver.cpp, line 805]
Event: 0.198 Thread 0x000001d48ddcb8e0 Exception <a 'java/lang/NoSuchMethodError'{0x00000006297d7fd8}: 'void java.lang.invoke.DirectMethodHandle$Holder.invokeSpecial(java.lang.Object, java.lang.Object, java.lang.Object)'> (0x00000006297d7fd8) 
thrown [s\open\src\hotspot\share\interpreter\linkResolver.cpp, line 805]
Event: 0.205 Thread 0x000001d48ddcb8e0 Exception <a 'java/lang/NoSuchMethodError'{0x0000000629040448}: 'java.lang.Object java.lang.invoke.DirectMethodHandle$Holder.newInvokeSpecial(java.lang.Object, java.lang.Object, java.lang.Object, java.lang.Object, java.lang.Object)'> (0x0000000629040448) 
thrown [s\open\src\hotspot\share\interpreter\linkResolver.cpp, line 805]
Event: 0.224 Thread 0x000001d48ddcb8e0 Exception <a 'java/lang/NoSuchMethodError'{0x00000006291d64a8}: 'long java.lang.invoke.DirectMethodHandle$Holder.invokeVirtual(java.lang.Object, java.lang.Object)'> (0x00000006291d64a8) 
thrown [s\open\src\hotspot\share\interpreter\linkResolver.cpp, line 805]
Event: 0.245 Thread 0x000001d48ddcb8e0 Exception <a 'java/lang/NoSuchMethodError'{0x0000000628c56d80}: 'int java.lang.invoke.DirectMethodHandle$Holder.invokeSpecial(java.lang.Object, java.lang.Object, java.lang.Object)'> (0x0000000628c56d80) 
thrown [s\open\src\hotspot\share\interpreter\linkResolver.cpp, line 805]
Event: 0.268 Thread 0x000001d48ddcb8e0 Exception <a 'java/lang/NoSuchMethodError'{0x0000000628e288a8}: 'void java.lang.invoke.DirectMethodHandle$Holder.invokeSpecial(java.lang.Object, java.lang.Object, int)'> (0x0000000628e288a8) 
thrown [s\open\src\hotspot\share\interpreter\linkResolver.cpp, line 805]
Event: 0.268 Thread 0x000001d48ddcb8e0 Exception <a 'java/lang/NoSuchMethodError'{0x0000000628e304c8}: 'void java.lang.invoke.Invokers$Holder.invokeExact_MT(java.lang.Object, int, java.lang.Object)'> (0x0000000628e304c8) 
thrown [s\open\src\hotspot\share\interpreter\linkResolver.cpp, line 805]
Event: 0.269 Thread 0x000001d48ddcb8e0 Exception <a 'java/lang/NoSuchMethodError'{0x0000000628e4ad78}: 'void java.lang.invoke.DirectMethodHandle$Holder.invokeStatic(java.lang.Object, java.lang.Object, int)'> (0x0000000628e4ad78) 
thrown [s\open\src\hotspot\share\interpreter\linkResolver.cpp, line 805]
Event: 0.270 Thread 0x000001d48ddcb8e0 Exception <a 'java/lang/NoSuchMethodError'{0x0000000628e59e68}: 'java.lang.Object java.lang.invoke.DirectMethodHandle$Holder.newInvokeSpecial(java.lang.Object, java.lang.Object, int)'> (0x0000000628e59e68) 
thrown [s\open\src\hotspot\share\interpreter\linkResolver.cpp, line 805]
Event: 0.270 Thread 0x000001d4eeaf1e90 Exception <a 'java/lang/NoSuchMethodError'{0x0000000628ee6828}: 'long java.lang.invoke.DirectMethodHandle$Holder.invokeSpecial(java.lang.Object, java.lang.Object)'> (0x0000000628ee6828) 
thrown [s\open\src\hotspot\share\interpreter\linkResolver.cpp, line 805]
Event: 0.273 Thread 0x000001d48ddcb8e0 Exception <a 'sun/nio/fs/WindowsException'{0x0000000628e8ef70}> (0x0000000628e8ef70) 
thrown [s\open\src\hotspot\share\prims\jni.cpp, line 518]
Event: 0.274 Thread 0x000001d48ddcb8e0 Exception <a 'sun/nio/fs/WindowsException'{0x0000000628e9bdf0}> (0x0000000628e9bdf0) 
thrown [s\open\src\hotspot\share\prims\jni.cpp, line 518]
Event: 0.276 Thread 0x000001d48ddcb8e0 Exception <a 'sun/nio/fs/WindowsException'{0x0000000628eadab0}> (0x0000000628eadab0) 
thrown [s\open\src\hotspot\share\prims\jni.cpp, line 518]

VM Operations (8 events):
Event: 0.092 Executing VM operation: HandshakeAllThreads (Deoptimize)
Event: 0.092 Executing VM operation: HandshakeAllThreads (Deoptimize) done
Event: 0.271 Executing VM operation: HandshakeAllThreads (Deoptimize)
Event: 0.271 Executing VM operation: HandshakeAllThreads (Deoptimize) done
Event: 0.272 Executing VM operation: HandshakeAllThreads (Deoptimize)
Event: 0.272 Executing VM operation: HandshakeAllThreads (Deoptimize) done
Event: 0.287 Executing VM operation: JFRSafepointClear
Event: 0.287 Executing VM operation: JFRSafepointClear done

Memory protections (0 events):
No events

Nmethod flushes (0 events):
No events

Events (15 events):
Event: 0.038 Thread 0x000001d48ddcb8e0 Thread added: 0x000001d48ddcb8e0
Event: 0.046 Thread 0x000001d48ddcb8e0 Thread added: 0x000001d4a79134d0
Event: 0.046 Thread 0x000001d48ddcb8e0 Thread added: 0x000001d4a7913e10
Event: 0.046 Thread 0x000001d48ddcb8e0 Thread added: 0x000001d4a7916760
Event: 0.046 Thread 0x000001d48ddcb8e0 Thread added: 0x000001d4a7919e40
Event: 0.046 Thread 0x000001d48ddcb8e0 Thread added: 0x000001d4a791b240
Event: 0.046 Thread 0x000001d48ddcb8e0 Thread added: 0x000001d4a79204c0
Event: 0.046 Thread 0x000001d48ddcb8e0 Thread added: 0x000001d4a79213a0
Event: 0.075 Thread 0x000001d4a79213a0 Thread added: 0x000001d4a7995c20
Event: 0.093 Thread 0x000001d4a7995c20 Thread added: 0x000001d4a7a40e80
Event: 0.104 Thread 0x000001d48ddcb8e0 Thread added: 0x000001d4a7a94900
Event: 0.128 Thread 0x000001d4a79213a0 Thread added: 0x000001d4a7a406f0
Event: 0.155 Thread 0x000001d48ddcb8e0 Thread added: 0x000001d4ed2d9040
Event: 0.190 Thread 0x000001d48ddcb8e0 Thread added: 0x000001d4ee760420
Event: 0.270 Thread 0x000001d48ddcb8e0 Thread added: 0x000001d4eeaf1e90


Dynamic libraries:
0x00007ff62c950000 - 0x00007ff62c95e000 	C:\Users\sj\.jdks\openjdk-24.0.1\bin\java.exe
0x00007ffdd05a0000 - 0x00007ffdd0806000 	C:\WINDOWS\SYSTEM32\ntdll.dll
0x00007ffdceeb0000 - 0x00007ffdcef79000 	C:\WINDOWS\System32\KERNEL32.DLL
0x00007ffdcd730000 - 0x00007ffdcdafc000 	C:\WINDOWS\System32\KERNELBASE.dll
0x00007ffdce210000 - 0x00007ffdce35b000 	C:\WINDOWS\System32\ucrtbase.dll
0x00007ffda22c0000 - 0x00007ffda22db000 	C:\Users\sj\.jdks\openjdk-24.0.1\bin\VCRUNTIME140.dll
0x00007ffdc9c80000 - 0x00007ffdc9c96000 	C:\Users\sj\.jdks\openjdk-24.0.1\bin\jli.dll
0x00007ffdcf1d0000 - 0x00007ffdcf39a000 	C:\WINDOWS\System32\USER32.dll
0x00007ffdce090000 - 0x00007ffdce0b7000 	C:\WINDOWS\System32\win32u.dll
0x00007ffdcf070000 - 0x00007ffdcf09b000 	C:\WINDOWS\System32\GDI32.dll
0x00007ffda63d0000 - 0x00007ffda666a000 	C:\WINDOWS\WinSxS\amd64_microsoft.windows.common-controls_6595b64144ccf1df_6.0.26100.3912_none_3e07963ce335137e\COMCTL32.dll
0x00007ffdcdb00000 - 0x00007ffdcdc32000 	C:\WINDOWS\System32\gdi32full.dll
0x00007ffdce0c0000 - 0x00007ffdce163000 	C:\WINDOWS\System32\msvcp_win.dll
0x00007ffdce6a0000 - 0x00007ffdce749000 	C:\WINDOWS\System32\msvcrt.dll
0x00007ffdcf030000 - 0x00007ffdcf060000 	C:\WINDOWS\System32\IMM32.DLL
0x00007ffdad780000 - 0x00007ffdad78c000 	C:\Users\sj\.jdks\openjdk-24.0.1\bin\vcruntime140_1.dll
0x00007ffd88460000 - 0x00007ffd884ee000 	C:\Users\sj\.jdks\openjdk-24.0.1\bin\msvcp140.dll
0x00007ffcfbb70000 - 0x00007ffcfc912000 	C:\Users\sj\.jdks\openjdk-24.0.1\bin\server\jvm.dll
0x00007ffdce750000 - 0x00007ffdce802000 	C:\WINDOWS\System32\ADVAPI32.dll
0x00007ffdcef80000 - 0x00007ffdcf026000 	C:\WINDOWS\System32\sechost.dll
0x00007ffdcec90000 - 0x00007ffdceda6000 	C:\WINDOWS\System32\RPCRT4.dll
0x00007ffdcf3a0000 - 0x00007ffdcf414000 	C:\WINDOWS\System32\WS2_32.dll
0x00007ffdc9f70000 - 0x00007ffdc9fa6000 	C:\WINDOWS\SYSTEM32\WINMM.dll
0x00007ffdcd580000 - 0x00007ffdcd5de000 	C:\WINDOWS\SYSTEM32\POWRPROF.dll
0x00007ffdb2b50000 - 0x00007ffdb2b5b000 	C:\WINDOWS\SYSTEM32\VERSION.dll
0x00007ffdcd550000 - 0x00007ffdcd564000 	C:\WINDOWS\SYSTEM32\UMPDC.dll
0x00007ffdcc4b0000 - 0x00007ffdcc4ca000 	C:\WINDOWS\SYSTEM32\kernel.appcore.dll
0x00007ffd9e890000 - 0x00007ffd9e89a000 	C:\Users\sj\.jdks\openjdk-24.0.1\bin\jimage.dll
0x00007ffdcadc0000 - 0x00007ffdcb001000 	C:\WINDOWS\SYSTEM32\DBGHELP.DLL
0x00007ffdcfb50000 - 0x00007ffdcfed4000 	C:\WINDOWS\System32\combase.dll
0x00007ffdcff40000 - 0x00007ffdd0020000 	C:\WINDOWS\System32\OLEAUT32.dll
0x00007ffdb4b90000 - 0x00007ffdb4bc9000 	C:\WINDOWS\SYSTEM32\dbgcore.DLL
0x00007ffdce170000 - 0x00007ffdce209000 	C:\WINDOWS\System32\bcryptPrimitives.dll
0x00007ffd9a940000 - 0x00007ffd9a94f000 	C:\Users\sj\.jdks\openjdk-24.0.1\bin\instrument.dll
0x00007ffd9e4d0000 - 0x00007ffd9e4ee000 	C:\Users\sj\.jdks\openjdk-24.0.1\bin\java.dll
0x00007ffdce4a0000 - 0x00007ffdce63f000 	C:\WINDOWS\System32\ole32.dll
0x00007ffdcf420000 - 0x00007ffdcfb4d000 	C:\WINDOWS\System32\SHELL32.dll
0x00007ffdcdcd0000 - 0x00007ffdcde44000 	C:\WINDOWS\System32\wintypes.dll
0x00007ffd10fe0000 - 0x00007ffd111d8000 	C:\Users\sj\AppData\Local\Temp\idea_libasyncProfiler_dll_temp_folder\libasyncProfiler.dll
0x00007ffdcb360000 - 0x00007ffdcbbb6000 	C:\WINDOWS\SYSTEM32\windows.storage.dll
0x00007ffdcedb0000 - 0x00007ffdcee9f000 	C:\WINDOWS\System32\SHCORE.dll
0x00007ffdd0030000 - 0x00007ffdd0099000 	C:\WINDOWS\System32\shlwapi.dll
0x00007ffdcd640000 - 0x00007ffdcd66f000 	C:\WINDOWS\SYSTEM32\profapi.dll
0x00007ffd970e0000 - 0x00007ffd970f7000 	C:\Users\sj\.jdks\openjdk-24.0.1\bin\zip.dll
0x00007ffd9a580000 - 0x00007ffd9a590000 	C:\Users\sj\.jdks\openjdk-24.0.1\bin\net.dll
0x00007ffdcca00000 - 0x00007ffdcca6a000 	C:\WINDOWS\system32\mswsock.dll
0x00007ffd977d0000 - 0x00007ffd977e6000 	C:\Users\sj\.jdks\openjdk-24.0.1\bin\nio.dll
0x00007ffd977c0000 - 0x00007ffd977c9000 	C:\Users\sj\.jdks\openjdk-24.0.1\bin\extnet.dll

JVMTI agents:
C:\Program Files\JetBrains\IntelliJ IDEA 2025.1.2\lib\idea_rt.jar path:C:\Users\sj\.jdks\openjdk-24.0.1\bin\instrument.dll, loaded, initialized, instrumentlib options:55177
C:\Users\sj\AppData\Local\Temp\idea_libasyncProfiler_dll_temp_folder\libasyncProfiler.dll path:C:\Users\sj\AppData\Local\Temp\idea_libasyncProfiler_dll_temp_folder\libasyncProfiler.dll, loaded, initialized, options:start,jfr,event=wall,interval=10ms,jfrsync=profile,cstack=no,file=C:\Users\sj\IdeaSnapshots\MicroserviceAccountsApplication_2025_06_05_200906.jfr,dbghelppath=C:\Users\sj\AppData\Local\Temp\idea_dbghelp_dll_temp_folder\dbghelp.dll,log=C:\Users\sj\AppData\Local\Temp\MicroserviceAccountsApplication_2025_06_05_200906.jfr.log.txt,logLevel=DEBUG

dbghelp: loaded successfully - version: 4.0.5 - missing functions: none
symbol engine: initialized successfully - sym options: 0x614 - pdb path: .;C:\Users\sj\.jdks\openjdk-24.0.1\bin;C:\WINDOWS\SYSTEM32;C:\WINDOWS\WinSxS\amd64_microsoft.windows.common-controls_6595b64144ccf1df_6.0.26100.3912_none_3e07963ce335137e;C:\Users\sj\.jdks\openjdk-24.0.1\bin\server;C:\Users\sj\AppData\Local\Temp\idea_libasyncProfiler_dll_temp_folder

VM Arguments:
jvm_args: -XX:TieredStopAtLevel=1 -Dspring.output.ansi.enabled=always -Dcom.sun.management.jmxremote -Dspring.jmx.enabled=true -Dspring.liveBeansView.mbeanDomain -Dspring.application.admin.enabled=true -Dmanagement.endpoints.jmx.exposure.include=* -javaagent:C:\Program Files\JetBrains\IntelliJ IDEA 2025.1.2\lib\idea_rt.jar=55177 -agentpath:C:\Users\sj\AppData\Local\Temp\idea_libasyncProfiler_dll_temp_folder\libasyncProfiler.dll=start,jfr,event=wall,interval=10ms,jfrsync=profile,cstack=no,file=C:\Users\sj\IdeaSnapshots\MicroserviceAccountsApplication_2025_06_05_200906.jfr,dbghelppath=C:\Users\sj\AppData\Local\Temp\idea_dbghelp_dll_temp_folder\dbghelp.dll,log=C:\Users\sj\AppData\Local\Temp\MicroserviceAccountsApplication_2025_06_05_200906.jfr.log.txt,logLevel=DEBUG -Dfile.encoding=UTF-8 -Dsun.stdout.encoding=UTF-8 -Dsun.stderr.encoding=UTF-8 
java_command: com.microservice_accounts.MicroserviceAccountsApplication
java_class_path (initial): E:\Jagadeeswari\javaPractice\microservice\microservice_accounts\target\classes;C:\Users\sj\.m2\repository\org\springframework\boot\spring-boot-starter-actuator\3.5.0\spring-boot-starter-actuator-3.5.0.jar;C:\Users\sj\.m2\repository\org\springframework\boot\spring-boot-starter\3.5.0\spring-boot-starter-3.5.0.jar;C:\Users\sj\.m2\repository\org\springframework\boot\spring-boot-starter-logging\3.5.0\spring-boot-starter-logging-3.5.0.jar;C:\Users\sj\.m2\repository\ch\qos\logback\logback-classic\1.5.18\logback-classic-1.5.18.jar;C:\Users\sj\.m2\repository\ch\qos\logback\logback-core\1.5.18\logback-core-1.5.18.jar;C:\Users\sj\.m2\repository\org\apache\logging\log4j\log4j-to-slf4j\2.24.3\log4j-to-slf4j-2.24.3.jar;C:\Users\sj\.m2\repository\org\apache\logging\log4j\log4j-api\2.24.3\log4j-api-2.24.3.jar;C:\Users\sj\.m2\repository\org\slf4j\jul-to-slf4j\2.0.17\jul-to-slf4j-2.0.17.jar;C:\Users\sj\.m2\repository\jakarta\annotation\jakarta.annotation-api\2.1.1\jakarta.annotation-api-2.1.1.jar;C:\Users\sj\.m2\repository\org\yaml\snakeyaml\2.4\snakeyaml-2.4.jar;C:\Users\sj\.m2\repository\org\springframework\boot\spring-boot-actuator-autoconfigure\3.5.0\spring-boot-actuator-autoconfigure-3.5.0.jar;C:\Users\sj\.m2\repository\org\springframework\boot\spring-boot-actuator\3.5.0\spring-boot-actuator-3.5.0.jar;C:\Users\sj\.m2\repository\com\fasterxml\jackson\core\jackson-databind\2.19.0\jackson-databind-2.19.0.jar;C:\Users\sj\.m2\repository\com\fasterxml\jackson\core\jackson-annotations\2.19.0\jackson-annotations-2.19.0.jar;C:\Users\sj\.m2\repository\com\fasterxml\jackson\core\jackson-core\2.19.0\jackson-core-2.19.0.jar;C:\Users\sj\.m2\repository\com\fasterxml\jackson\datatype\jackson-datatype-jsr310\2.19.0\jackson-datatype-jsr310-2.19.0.jar;C:\Users\sj\.m2\repository\io\micrometer\micrometer-observation\1.15.0\micrometer-observation-1.15.0.jar;C:\Users\sj\.m2\repository\io\micrometer\micrometer-commons\1.15.0\micrometer-commons-1.15.0.jar;C:\Users\sj\.m2\repository\io\micrometer\micrometer-jakarta9\1.15.0\micrometer-jakarta9-1.15.0.jar;C:\Users\sj\.m2\repository\io\micrometer\micrometer-core\1.15.0\micrometer-core-1.15.0.jar;C:\Users\sj\.m2\repository\org\hdrhistogram\HdrHistogram\2.2.2\HdrHistogram-2.2.2.jar;C:\Users\sj\.m2\repository\org\latencyutils\LatencyUtils\2.0.3\LatencyUtils-2.0.3.jar;C:\Users\sj\.m2\repository\org\springframework\boot\spring-boot-starter-data-jpa\3.5.0\spring-boot-starter-data-jpa-3.5.0.jar;C:\Users\sj\.m2\repository\org\springframework\boot\spring-boot-starter-jdbc\3.5.0\spring-boot-starter-jdbc-3.5.0.jar;C:\Users\sj\.m2\repository\com\zaxxer\HikariCP\6.3.0\HikariCP-6.3.0.jar;C:\Users\sj\.m2\repository\org\springframework\spring-jdbc\6.2.7\spring-jdbc-6.2.7.jar;C:\Users\sj\.m2\repository\org\hibernate\orm\hibernate-core\6.6.15.Final\hibernate-core-6.6.15.Final.jar;C:\Users\sj\.m2\repository\jakarta\persistence\jakarta.persistence-api\3.1.0\jakarta.persistence-api-3.1.0.jar;C:\Users\sj\.m2\repository\jakarta\transaction\jakarta.transaction-api\2.0.1\jakarta.transaction-api-2.0.1.jar;C:\Users\sj\.m2\repository\org\jboss\logging\jboss-logging\3.6.1.Final\jboss-logging-3.6.1.Final.jar;C:\Users\sj\.m2\repository\org\hibernate\common\hibernate-commons-annotations\7.0.3.Final\hibernate-commons-annotations-7.0.3.Final.jar;C:\Users\sj\.m2\repository\io\smallrye\jandex\3.2.0\jandex-3.2.0.jar;C:\Users\sj\.m2\repository\com\fasterxml\classmate\1.7.0\classmate-1.7.0.jar;C:\Users\sj\.m2\repository\net\bytebuddy\byte-buddy\1.17.5\byte-buddy-1.17.5.jar;C:\Users\sj\.m2\repository\org\glassfish\jaxb\jaxb-runtime\4.0.5\jaxb-runtime-4.0.5.jar;C:\Users\sj\.m2\repository\org\glassfish\jaxb\jaxb-core\4.0.5\jaxb-core-4.0.5.jar;C:\Users\sj\.m2\repository\org\eclipse\angus\angus-activation\2.0.2\angus-activation-2.0.2.jar;C:\Users\sj\.m2\repository\org\glassfish\jaxb\txw2\4.0.5\txw2-4.0.5.jar;C:\Users\sj\.m2\repository\com\sun\istack\istack-commons-runtime\4.1.2\istack-commons-runtime-4.1.2.jar;C:\Users\sj\.m2\repository\jakarta\inject\jakarta.inject-api\2.0.1\jakarta.inject-api-2.0.1.jar;C:\Users\sj\.m2\repository\org\antlr\antlr4-runtime\4.13.0\antlr4-runtime-4.13.0.jar;C:\Users\sj\.m2\repository\org\springframework\data\spring-data-jpa\3.5.0\spring-data-jpa-3.5.0.jar;C:\Users\sj\.m2\repository\org\springframework\data\spring-data-commons\3.5.0\spring-data-commons-3.5.0.jar;C:\Users\sj\.m2\repository\org\springframework\spring-orm\6.2.7\spring-orm-6.2.7.jar;C:\Users\sj\.m2\repository\org\springframework\spring-context\6.2.7\spring-context-6.2.7.jar;C:\Users\sj\.m2\repository\org\springframework\spring-aop\6.2.7\spring-aop-6.2.7.jar;C:\Users\sj\.m2\repository\org\springframework\spring-tx\6.2.7\spring-tx-6.2.7.jar;C:\Users\sj\.m2\repository\org\springframework\spring-beans\6.2.7\spring-beans-6.2.7.jar;C:\Users\sj\.m2\repository\org\slf4j\slf4j-api\2.0.17\slf4j-api-2.0.17.jar;C:\Users\sj\.m2\repository\org\springframework\spring-aspects\6.2.7\spring-aspects-6.2.7.jar;C:\Users\sj\.m2\repository\org\aspectj\aspectjweaver\1.9.24\aspectjweaver-1.9.24.jar;C:\Users\sj\.m2\repository\org\springframework\boot\spring-boot-starter-web\3.5.0\spring-boot-starter-web-3.5.0.jar;C:\Users\sj\.m2\repository\org\springframework\boot\spring-boot-starter-json\3.5.0\spring-boot-starter-json-3.5.0.jar;C:\Users\sj\.m2\repository\com\fasterxml\jackson\datatype\jackson-datatype-jdk8\2.19.0\jackson-datatype-jdk8-2.19.0.jar;C:\Users\sj\.m2\repository\com\fasterxml\jackson\module\jackson-module-parameter-names\2.19.0\jackson-module-parameter-names-2.19.0.jar;C:\Users\sj\.m2\repository\org\springframework\boot\spring-boot-starter-tomcat\3.5.0\spring-boot-starter-tomcat-3.5.0.jar;C:\Users\sj\.m2\repository\org\apache\tomcat\embed\tomcat-embed-core\10.1.41\tomcat-embed-core-10.1.41.jar;C:\Users\sj\.m2\repository\org\apache\tomcat\embed\tomcat-embed-websocket\10.1.41\tomcat-embed-websocket-10.1.41.jar;C:\Users\sj\.m2\repository\org\springframework\spring-web\6.2.7\spring-web-6.2.7.jar;C:\Users\sj\.m2\repository\org\springframework\spring-webmvc\6.2.7\spring-webmvc-6.2.7.jar;C:\Users\sj\.m2\repository\org\springframework\spring-expression\6.2.7\spring-expression-6.2.7.jar;C:\Users\sj\.m2\repository\org\springframework\boot\spring-boot-starter-validation\3.5.0\spring-boot-starter-validation-3.5.0.jar;C:\Users\sj\.m2\repository\org\apache\tomcat\embed\tomcat-embed-el\10.1.41\tomcat-embed-el-10.1.41.jar;C:\Users\sj\.m2\repository\org\hibernate\validator\hibernate-validator\8.0.2.Final\hibernate-validator-8.0.2.Final.jar;C:\Users\sj\.m2\repository\jakarta\validation\jakarta.validation-api\3.0.2\jakarta.validation-api-3.0.2.jar;C:\Users\sj\.m2\repository\org\springdoc\springdoc-openapi-starter-webmvc-ui\2.8.8\springdoc-openapi-starter-webmvc-ui-2.8.8.jar;C:\Users\sj\.m2\repository\org\springdoc\springdoc-openapi-starter-webmvc-api\2.8.8\springdoc-openapi-starter-webmvc-api-2.8.8.jar;C:\Users\sj\.m2\repository\org\springdoc\springdoc-openapi-starter-common\2.8.8\springdoc-openapi-starter-common-2.8.8.jar;C:\Users\sj\.m2\repository\io\swagger\core\v3\swagger-core-jakarta\2.2.30\swagger-core-jakarta-2.2.30.jar;C:\Users\sj\.m2\repository\org\apache\commons\commons-lang3\3.17.0\commons-lang3-3.17.0.jar;C:\Users\sj\.m2\repository\io\swagger\core\v3\swagger-annotations-jakarta\2.2.30\swagger-annotations-jakarta-2.2.30.jar;C:\Users\sj\.m2\repository\io\swagger\core\v3\swagger-models-jakarta\2.2.30\swagger-models-jakarta-2.2.30.jar;C:\Users\sj\.m2\repository\com\fasterxml\jackson\dataformat\jackson-dataformat-yaml\2.19.0\jackson-dataformat-yaml-2.19.0.jar;C:\Users\sj\.m2\repository\org\webjars\swagger-ui\5.21.0\swagger-ui-5.21.0.jar;C:\Users\sj\.m2\repository\org\webjars\webjars-locator-lite\1.1.0\webjars-locator-lite-1.1.0.jar;C:\Users\sj\.m2\repository\org\jspecify\jspecify\1.0.0\jspecify-1.0.0.jar;C:\Users\sj\.m2\repository\org\springframework\boot\spring-boot-devtools\3.5.0\spring-boot-devtools-3.5.0.jar;C:\Users\sj\.m2\repository\org\springframework\boot\spring-boot\3.5.0\spring-boot-3.5.0.jar;C:\Users\sj\.m2\repository\org\springframework\boot\spring-boot-autoconfigure\3.5.0\spring-boot-autoconfigure-3.5.0.jar;C:\Users\sj\.m2\repository\com\h2database\h2\2.3.232\h2-2.3.232.jar;C:\Users\sj\.m2\repository\org\projectlombok\lombok\1.18.38\lombok-1.18.38.jar;C:\Users\sj\.m2\repository\jakarta\xml\bind\jakarta.xml.bind-api\4.0.2\jakarta.xml.bind-api-4.0.2.jar;C:\Users\sj\.m2\repository\jakarta\activation\jakarta.activation-api\2.1.3\jakarta.activation-api-2.1.3.jar;C:\Users\sj\.m2\repository\org\springframework\spring-core\6.2.7\spring-core-6.2.7.jar;C:\Users\sj\.m2\repository\org\springframework\spring-jcl\6.2.7\spring-jcl-6.2.7.jar
Launcher Type: SUN_STANDARD

[Global flags]
     intx CICompilerCount                          = 12                                        {product} {ergonomic}
     uint ConcGCThreads                            = 4                                         {product} {ergonomic}
     bool FlightRecorder                           = true                                      {product} {management}
     uint G1ConcRefinementThreads                  = 14                                        {product} {ergonomic}
   size_t G1HeapRegionSize                         = 4194304                                   {product} {ergonomic}
   size_t InitialHeapSize                          = 528482304                                 {product} {ergonomic}
     bool ManagementServer                         = true                                      {product} {command line}
   size_t MarkStackSize                            = 4194304                                   {product} {ergonomic}
   size_t MarkStackSizeMax                         = 536870912                                 {product} {ergonomic}
   size_t MaxHeapSize                              = 8409579520                                {product} {ergonomic}
   size_t MaxNewSize                               = 5045747712                                {product} {ergonomic}
   size_t MinHeapDeltaBytes                        = 4194304                                   {product} {ergonomic}
   size_t MinHeapSize                              = 8388608                                   {product} {ergonomic}
    uintx NonNMethodCodeHeapSize                   = 4096                                   {pd product} {ergonomic}
    uintx NonProfiledCodeHeapSize                  = 0                                      {pd product} {ergonomic}
     bool ProfileInterpreter                       = false                                  {pd product} {command line}
    uintx ProfiledCodeHeapSize                     = 0                                      {pd product} {ergonomic}
   size_t SoftMaxHeapSize                          = 8409579520                             {manageable} {ergonomic}
     intx TieredStopAtLevel                        = 1                                         {product} {command line}
     bool UseCompressedOops                        = true                           {product lp64_product} {ergonomic}
     bool UseG1GC                                  = true                                      {product} {ergonomic}
     bool UseLargePagesIndividualAllocation        = false                                  {pd product} {ergonomic}

Logging:
Log output configuration:
 #0: stdout all=warning uptime,level,tags foldmultilines=false
 #1: stderr all=off uptime,level,tags foldmultilines=false

Environment Variables:
PATH=C:\Program Files\Common Files\Oracle\Java\javapath;C:\Program Files (x86)\Common Files\Oracle\Java\java8path;C:\Program Files (x86)\Common Files\Oracle\Java\javapath;C:\WINDOWS\system32;C:\WINDOWS;C:\WINDOWS\System32\Wbem;C:\WINDOWS\System32\WindowsPowerShell\v1.0\;C:\WINDOWS\System32\OpenSSH\;C:\Program Files\PuTTY\;C:\Program Files\Git\cmd;C:\Program Files\nodejs\;C:\Program Files\Docker\Docker\resources\bin;C:\Program Files\Amazon\AWSCLIV2\;C:\Program Files\Apache\Maven\apache-maven-3.9.9\bin;C:\Users\sj\AppData\Local\Microsoft\WindowsApps;C:\Users\sj\AppData\Local\Programs\Microsoft VS Code\bin;;C:\Program Files\JetBrains\IntelliJ IDEA 2025.1.2\bin;
USERNAME=sj
OS=Windows_NT
PROCESSOR_IDENTIFIER=Intel64 Family 6 Model 170 Stepping 4, GenuineIntel
TMP=C:\Users\sj\AppData\Local\Temp
TEMP=C:\Users\sj\AppData\Local\Temp




Periodic native trim disabled

---------------  S Y S T E M  ---------------

OS:
 Windows 11 , 64 bit Build 26100 (10.0.26100.3912)
OS uptime: 0 days 9:23 hours
Hyper-V role detected

CPU: total 18 (initial active 18) (9 cores per cpu, 2 threads per core) family 6 model 170 stepping 4 microcode 0x24, cx8, cmov, fxsr, ht, mmx, 3dnowpref, sse, sse2, sse3, ssse3, sse4.1, sse4.2, popcnt, lzcnt, tsc, tscinvbit, avx, avx2, aes, erms, clmul, bmi1, bmi2, adx, sha, fma, vzeroupper, clflush, clflushopt, clwb, hv, serialize, rdtscp, rdpid, fsrm, gfni, f16c, cet_ibt, cet_ss
Processor Information for processor 0
  Max Mhz: 1200, Current Mhz: 1200, Mhz Limit: 1200
Processor Information for processor 1
  Max Mhz: 1200, Current Mhz: 1200, Mhz Limit: 1200
Processor Information for processor 2
  Max Mhz: 700, Current Mhz: 700, Mhz Limit: 700
Processor Information for processor 3
  Max Mhz: 700, Current Mhz: 700, Mhz Limit: 700
Processor Information for processor 4
  Max Mhz: 700, Current Mhz: 700, Mhz Limit: 700
Processor Information for processor 5
  Max Mhz: 700, Current Mhz: 700, Mhz Limit: 700
Processor Information for processor 6
  Max Mhz: 700, Current Mhz: 700, Mhz Limit: 700
Processor Information for processor 7
  Max Mhz: 700, Current Mhz: 700, Mhz Limit: 700
Processor Information for processor 8
  Max Mhz: 700, Current Mhz: 700, Mhz Limit: 700
Processor Information for processor 9
  Max Mhz: 700, Current Mhz: 700, Mhz Limit: 700
Processor Information for processor 10
  Max Mhz: 1200, Current Mhz: 1200, Mhz Limit: 1200
Processor Information for processor 11
  Max Mhz: 1200, Current Mhz: 1200, Mhz Limit: 1200
Processor Information for processor 12
  Max Mhz: 1200, Current Mhz: 1200, Mhz Limit: 1200
Processor Information for processor 13
  Max Mhz: 1200, Current Mhz: 1200, Mhz Limit: 1200
Processor Information for processor 14
  Max Mhz: 1200, Current Mhz: 1200, Mhz Limit: 1200
Processor Information for processor 15
  Max Mhz: 1200, Current Mhz: 1200, Mhz Limit: 1200
Processor Information for processor 16
  Max Mhz: 700, Current Mhz: 700, Mhz Limit: 700
Processor Information for processor 17
  Max Mhz: 700, Current Mhz: 700, Mhz Limit: 700

Memory: 4k page, system-wide physical 32071M (17421M free)
TotalPageFile size 34119M (AvailPageFile size 14391M)
current process WorkingSet (physical memory assigned to process): 81M, peak: 81M
current process commit charge ("private bytes"): 652M, peak: 652M

vm_info: OpenJDK 64-Bit Server VM (24.0.1+9-30) for windows-amd64 JRE (24.0.1+9-30), built on 2025-03-05T07:23:45Z with MS VC++ 17.6 (VS2022)

END.
